  blockOnField.cpp
c:\users\timur\source\repos\tower_defense\tower_defense\blockonfield.cpp(23): warning C4244: 'argument': conversion from '_Ty1' to 'float', possible loss of data
          with
          [
              _Ty1=int
          ]
c:\users\timur\source\repos\tower_defense\tower_defense\blockonfield.cpp(23): warning C4244: 'argument': conversion from '_Ty2' to 'float', possible loss of data
          with
          [
              _Ty2=int
          ]
c:\users\timur\source\repos\tower_defense\tower_defense\blockonfield.cpp(39): warning C4244: 'argument': conversion from 'double' to 'T', possible loss of data
          with
          [
              T=float
          ]
c:\users\timur\source\repos\tower_defense\tower_defense\blockonfield.cpp(41): warning C4244: 'argument': conversion from 'double' to 'float', possible loss of data
c:\users\timur\source\repos\tower_defense\tower_defense\blockonfield.cpp(42): warning C4244: 'argument': conversion from 'double' to 'float', possible loss of data
  blocksControl.cpp
  cycleFuncions.cpp
  enemiesWave.cpp
  enemy.cpp
c:\users\timur\source\repos\tower_defense\tower_defense\enemy.cpp(89): warning C4244: 'argument': conversion from 'double' to 'float', possible loss of data
c:\users\timur\source\repos\tower_defense\tower_defense\enemy.cpp(89): warning C4244: 'argument': conversion from 'int' to 'float', possible loss of data
c:\users\timur\source\repos\tower_defense\tower_defense\enemy.cpp(92): warning C4244: 'argument': conversion from 'int' to 'float', possible loss of data
c:\users\timur\source\repos\tower_defense\tower_defense\enemy.cpp(92): warning C4244: 'argument': conversion from 'double' to 'float', possible loss of data
c:\users\timur\source\repos\tower_defense\tower_defense\enemy.cpp(95): warning C4244: 'argument': conversion from 'double' to 'float', possible loss of data
c:\users\timur\source\repos\tower_defense\tower_defense\enemy.cpp(95): warning C4244: 'argument': conversion from 'int' to 'float', possible loss of data
c:\users\timur\source\repos\tower_defense\tower_defense\enemy.cpp(98): warning C4244: 'argument': conversion from 'int' to 'float', possible loss of data
c:\users\timur\source\repos\tower_defense\tower_defense\enemy.cpp(98): warning C4244: 'argument': conversion from 'double' to 'float', possible loss of data
c:\users\timur\source\repos\tower_defense\tower_defense\enemy.cpp(123): warning C4244: 'argument': conversion from 'double' to 'T', possible loss of data
          with
          [
              T=float
          ]
c:\users\timur\source\repos\tower_defense\tower_defense\enemy.cpp(128): warning C4244: 'argument': conversion from 'double' to 'float', possible loss of data
c:\users\timur\source\repos\tower_defense\tower_defense\enemy.cpp(129): warning C4244: 'argument': conversion from 'double' to 'float', possible loss of data
c:\users\timur\source\repos\tower_defense\tower_defense\enemy.cpp(132): warning C4244: 'argument': conversion from 'double' to 'float', possible loss of data
c:\users\timur\source\repos\tower_defense\tower_defense\enemy.cpp(133): warning C4244: 'argument': conversion from 'double' to 'float', possible loss of data
c:\users\timur\source\repos\tower_defense\tower_defense\enemy.cpp(136): warning C4244: 'argument': conversion from 'double' to 'float', possible loss of data
c:\users\timur\source\repos\tower_defense\tower_defense\enemy.cpp(137): warning C4244: 'argument': conversion from 'double' to 'float', possible loss of data
c:\users\timur\source\repos\tower_defense\tower_defense\enemy.cpp(140): warning C4244: 'argument': conversion from 'double' to 'float', possible loss of data
c:\users\timur\source\repos\tower_defense\tower_defense\enemy.cpp(141): warning C4244: 'argument': conversion from 'double' to 'float', possible loss of data
c:\users\timur\source\repos\tower_defense\tower_defense\enemy.cpp(154): warning C4244: 'argument': conversion from 'double' to 'float', possible loss of data
c:\users\timur\source\repos\tower_defense\tower_defense\enemy.cpp(154): warning C4244: 'argument': conversion from 'int' to 'float', possible loss of data
c:\users\timur\source\repos\tower_defense\tower_defense\enemy.cpp(157): warning C4244: 'argument': conversion from 'int' to 'float', possible loss of data
c:\users\timur\source\repos\tower_defense\tower_defense\enemy.cpp(157): warning C4244: 'argument': conversion from 'double' to 'float', possible loss of data
c:\users\timur\source\repos\tower_defense\tower_defense\enemy.cpp(160): warning C4244: 'argument': conversion from 'double' to 'float', possible loss of data
c:\users\timur\source\repos\tower_defense\tower_defense\enemy.cpp(160): warning C4244: 'argument': conversion from 'int' to 'float', possible loss of data
c:\users\timur\source\repos\tower_defense\tower_defense\enemy.cpp(163): warning C4244: 'argument': conversion from 'int' to 'float', possible loss of data
c:\users\timur\source\repos\tower_defense\tower_defense\enemy.cpp(163): warning C4244: 'argument': conversion from 'double' to 'float', possible loss of data
  field.cpp
c:\users\timur\source\repos\tower_defense\tower_defense\field.cpp(83): warning C4244: 'argument': conversion from 'int' to 'float', possible loss of data
c:\users\timur\source\repos\tower_defense\tower_defense\field.cpp(91): warning C4244: 'argument': conversion from '_Ty1' to 'float', possible loss of data
          with
          [
              _Ty1=int
          ]
c:\users\timur\source\repos\tower_defense\tower_defense\field.cpp(91): warning C4244: 'argument': conversion from '_Ty2' to 'float', possible loss of data
          with
          [
              _Ty2=int
          ]
  mainGame.cpp
c:\users\timur\source\repos\tower_defense\tower_defense\maingame.cpp(23): warning C4244: 'argument': conversion from 'double' to 'unsigned int', possible loss of data
  missiles.cpp
c:\users\timur\source\repos\tower_defense\tower_defense\missiles.cpp(31): warning C4244: 'initializing': conversion from 'double' to 'int', possible loss of data
c:\users\timur\source\repos\tower_defense\tower_defense\missiles.cpp(45): warning C4244: 'argument': conversion from 'double' to 'float', possible loss of data
c:\users\timur\source\repos\tower_defense\tower_defense\missiles.cpp(49): warning C4244: 'argument': conversion from 'double' to 'float', possible loss of data
c:\users\timur\source\repos\tower_defense\tower_defense\missiles.cpp(52): warning C4244: 'argument': conversion from 'double' to 'T', possible loss of data
          with
          [
              T=float
          ]
c:\users\timur\source\repos\tower_defense\tower_defense\missiles.cpp(63): warning C4244: 'argument': conversion from 'double' to 'float', possible loss of data
c:\users\timur\source\repos\tower_defense\tower_defense\missiles.cpp(66): warning C4244: 'argument': conversion from 'double' to 'T', possible loss of data
          with
          [
              T=float
          ]
c:\users\timur\source\repos\tower_defense\tower_defense\missiles.cpp(71): warning C4244: 'argument': conversion from 'double' to 'float', possible loss of data
c:\users\timur\source\repos\tower_defense\tower_defense\missiles.cpp(86): warning C4244: 'argument': conversion from 'double' to 'T', possible loss of data
          with
          [
              T=float
          ]
c:\users\timur\source\repos\tower_defense\tower_defense\missiles.cpp(91): warning C4244: 'argument': conversion from 'double' to 'float', possible loss of data
c:\users\timur\source\repos\tower_defense\tower_defense\missiles.cpp(95): warning C4244: 'argument': conversion from 'double' to 'float', possible loss of data
c:\users\timur\source\repos\tower_defense\tower_defense\missiles.cpp(104): warning C4244: 'argument': conversion from 'int' to 'T', possible loss of data
          with
          [
              T=float
          ]
c:\users\timur\source\repos\tower_defense\tower_defense\missiles.cpp(105): warning C4244: 'argument': conversion from 'double' to 'float', possible loss of data
c:\users\timur\source\repos\tower_defense\tower_defense\missiles.cpp(108): warning C4244: 'argument': conversion from 'double' to 'float', possible loss of data
c:\users\timur\source\repos\tower_defense\tower_defense\missiles.cpp(111): warning C4244: 'argument': conversion from 'double' to 'float', possible loss of data
c:\users\timur\source\repos\tower_defense\tower_defense\missiles.cpp(114): warning C4244: 'argument': conversion from 'int' to 'T', possible loss of data
          with
          [
              T=float
          ]
c:\users\timur\source\repos\tower_defense\tower_defense\missiles.cpp(115): warning C4244: 'argument': conversion from 'double' to 'float', possible loss of data
c:\users\timur\source\repos\tower_defense\tower_defense\missiles.cpp(124): warning C4244: 'argument': conversion from 'int' to 'T', possible loss of data
          with
          [
              T=float
          ]
c:\users\timur\source\repos\tower_defense\tower_defense\missiles.cpp(125): warning C4244: 'argument': conversion from 'double' to 'float', possible loss of data
c:\users\timur\source\repos\tower_defense\tower_defense\missiles.cpp(128): warning C4244: 'argument': conversion from 'int' to 'T', possible loss of data
          with
          [
              T=float
          ]
c:\users\timur\source\repos\tower_defense\tower_defense\missiles.cpp(129): warning C4244: 'argument': conversion from 'double' to 'float', possible loss of data
c:\users\timur\source\repos\tower_defense\tower_defense\missiles.cpp(132): warning C4244: 'argument': conversion from 'double' to 'float', possible loss of data
c:\users\timur\source\repos\tower_defense\tower_defense\missiles.cpp(135): warning C4244: 'argument': conversion from 'double' to 'float', possible loss of data
c:\users\timur\source\repos\tower_defense\tower_defense\missiles.cpp(151): warning C4244: 'argument': conversion from 'double' to 'float', possible loss of data
c:\users\timur\source\repos\tower_defense\tower_defense\missiles.cpp(154): warning C4244: 'argument': conversion from 'double' to 'T', possible loss of data
          with
          [
              T=float
          ]
c:\users\timur\source\repos\tower_defense\tower_defense\missiles.cpp(159): warning C4244: 'argument': conversion from 'double' to 'float', possible loss of data
c:\users\timur\source\repos\tower_defense\tower_defense\missiles.cpp(168): warning C4244: 'argument': conversion from 'double' to 'float', possible loss of data
c:\users\timur\source\repos\tower_defense\tower_defense\missiles.cpp(171): warning C4244: 'argument': conversion from 'double' to 'float', possible loss of data
c:\users\timur\source\repos\tower_defense\tower_defense\missiles.cpp(174): warning C4244: 'argument': conversion from 'int' to 'T', possible loss of data
          with
          [
              T=float
          ]
c:\users\timur\source\repos\tower_defense\tower_defense\missiles.cpp(175): warning C4244: 'argument': conversion from 'double' to 'float', possible loss of data
c:\users\timur\source\repos\tower_defense\tower_defense\missiles.cpp(178): warning C4244: 'argument': conversion from 'int' to 'T', possible loss of data
          with
          [
              T=float
          ]
c:\users\timur\source\repos\tower_defense\tower_defense\missiles.cpp(179): warning C4244: 'argument': conversion from 'double' to 'float', possible loss of data
c:\users\timur\source\repos\tower_defense\tower_defense\missiles.cpp(188): warning C4244: 'argument': conversion from 'double' to 'float', possible loss of data
c:\users\timur\source\repos\tower_defense\tower_defense\missiles.cpp(191): warning C4244: 'argument': conversion from 'int' to 'T', possible loss of data
          with
          [
              T=float
          ]
c:\users\timur\source\repos\tower_defense\tower_defense\missiles.cpp(192): warning C4244: 'argument': conversion from 'double' to 'float', possible loss of data
c:\users\timur\source\repos\tower_defense\tower_defense\missiles.cpp(195): warning C4244: 'argument': conversion from 'int' to 'T', possible loss of data
          with
          [
              T=float
          ]
c:\users\timur\source\repos\tower_defense\tower_defense\missiles.cpp(196): warning C4244: 'argument': conversion from 'double' to 'float', possible loss of data
c:\users\timur\source\repos\tower_defense\tower_defense\missiles.cpp(199): warning C4244: 'argument': conversion from 'double' to 'float', possible loss of data
c:\users\timur\source\repos\tower_defense\tower_defense\missiles.cpp(228): warning C4244: 'argument': conversion from 'double' to 'float', possible loss of data
  shop.cpp
c:\users\timur\source\repos\tower_defense\tower_defense\shop.cpp(74): warning C4244: 'argument': conversion from 'int' to 'float', possible loss of data
c:\users\timur\source\repos\tower_defense\tower_defense\shop.cpp(92): warning C4244: 'argument': conversion from 'double' to 'float', possible loss of data
c:\users\timur\source\repos\tower_defense\tower_defense\shop.cpp(97): warning C4244: 'argument': conversion from 'int' to 'float', possible loss of data
c:\users\timur\source\repos\tower_defense\tower_defense\shop.cpp(99): warning C4244: 'argument': conversion from 'int' to 'float', possible loss of data
c:\users\timur\source\repos\tower_defense\tower_defense\shop.cpp(101): warning C4244: 'argument': conversion from 'int' to 'float', possible loss of data
c:\users\timur\source\repos\tower_defense\tower_defense\shop.cpp(103): warning C4244: 'argument': conversion from 'int' to 'float', possible loss of data
  tower.cpp
c:\users\timur\source\repos\tower_defense\tower_defense\tower.cpp(21): warning C4244: 'argument': conversion from '_Ty1' to 'float', possible loss of data
          with
          [
              _Ty1=int
          ]
c:\users\timur\source\repos\tower_defense\tower_defense\tower.cpp(21): warning C4244: 'argument': conversion from '_Ty2' to 'float', possible loss of data
          with
          [
              _Ty2=int
          ]
  towersControl.cpp
  Generating Code...
  Tower_Defense.vcxproj -> C:\Users\timur\source\repos\Tower_Defense\Debug\Tower_Defense.exe
