  checkLines.cpp
  drawing.cpp
c:\users\timur\source\repos\tic-tac-toe\tic-tac-toe\drawing.cpp(11): warning C4244: 'argument': conversion from 'int' to 'T', possible loss of data
          with
          [
              T=float
          ]
c:\users\timur\source\repos\tic-tac-toe\tic-tac-toe\drawing.cpp(12): warning C4244: 'argument': conversion from 'int' to 'float', possible loss of data
c:\users\timur\source\repos\tic-tac-toe\tic-tac-toe\drawing.cpp(16): warning C4244: 'argument': conversion from 'int' to 'T', possible loss of data
          with
          [
              T=float
          ]
c:\users\timur\source\repos\tic-tac-toe\tic-tac-toe\drawing.cpp(17): warning C4244: 'argument': conversion from 'int' to 'float', possible loss of data
c:\users\timur\source\repos\tic-tac-toe\tic-tac-toe\drawing.cpp(30): warning C4244: 'argument': conversion from 'int' to 'float', possible loss of data
c:\users\timur\source\repos\tic-tac-toe\tic-tac-toe\drawing.cpp(35): warning C4244: 'argument': conversion from 'int' to 'float', possible loss of data
c:\users\timur\source\repos\tic-tac-toe\tic-tac-toe\drawing.cpp(43): warning C4244: 'argument': conversion from 'int' to 'float', possible loss of data
c:\users\timur\source\repos\tic-tac-toe\tic-tac-toe\drawing.cpp(47): warning C4244: 'argument': conversion from 'int' to 'float', possible loss of data
c:\users\timur\source\repos\tic-tac-toe\tic-tac-toe\drawing.cpp(62): warning C4244: 'argument': conversion from 'int' to 'T', possible loss of data
          with
          [
              T=float
          ]
c:\users\timur\source\repos\tic-tac-toe\tic-tac-toe\drawing.cpp(63): warning C4244: 'argument': conversion from 'int' to 'float', possible loss of data
c:\users\timur\source\repos\tic-tac-toe\tic-tac-toe\drawing.cpp(66): warning C4244: 'argument': conversion from 'int' to 'T', possible loss of data
          with
          [
              T=float
          ]
c:\users\timur\source\repos\tic-tac-toe\tic-tac-toe\drawing.cpp(67): warning C4244: 'argument': conversion from 'int' to 'float', possible loss of data
c:\users\timur\source\repos\tic-tac-toe\tic-tac-toe\drawing.cpp(71): warning C4244: 'argument': conversion from 'int' to 'float', possible loss of data
c:\users\timur\source\repos\tic-tac-toe\tic-tac-toe\drawing.cpp(76): warning C4244: 'argument': conversion from 'int' to 'float', possible loss of data
  field.cpp
  main.cpp
  mainGame.cpp
  menu.cpp
c:\users\timur\source\repos\tic-tac-toe\tic-tac-toe\menu.cpp(134): warning C4244: 'argument': conversion from 'int' to 'float', possible loss of data
c:\users\timur\source\repos\tic-tac-toe\tic-tac-toe\menu.cpp(138): warning C4244: 'argument': conversion from 'int' to 'float', possible loss of data
c:\users\timur\source\repos\tic-tac-toe\tic-tac-toe\menu.cpp(145): warning C4244: 'argument': conversion from 'int' to 'float', possible loss of data
c:\users\timur\source\repos\tic-tac-toe\tic-tac-toe\menu.cpp(149): warning C4244: 'argument': conversion from 'int' to 'float', possible loss of data
  results.cpp
  _AI.cpp
  _AIMovesCrosses.cpp
  _AIMovesNoughts.cpp
  Generating code
  126 of 294 functions (42.9%) were compiled, the rest were copied from previous compilation.
    48 functions were new in current compilation
    2 functions had inline decision re-evaluated but remain unchanged
  Finished generating code
  Tic-tac-toe.vcxproj -> C:\Users\timur\source\repos\Tic-tac-toe\Release\Tic-tac-toe.exe
